#
# There is insufficient memory for the Java Runtime Environment to continue.
# Native memory allocation (malloc) failed to allocate 1792976 bytes for Chunk::new
# Possible reasons:
#   The system is out of physical RAM or swap space
#   The process is running with CompressedOops enabled, and the Java Heap may be blocking the growth of the native heap
# Possible solutions:
#   Reduce memory load on the system
#   Increase physical memory or swap space
#   Check if swap backing store is full
#   Decrease Java heap size (-Xmx/-Xms)
#   Decrease number of Java threads
#   Decrease Java thread stack sizes (-Xss)
#   Set larger code cache with -XX:ReservedCodeCacheSize=
#   JVM is running with Zero Based Compressed Oops mode in which the Java heap is
#     placed in the first 32GB address space. The Java Heap base address is the
#     maximum limit for the native heap growth. Please use -XX:HeapBaseMinAddress
#     to set the Java Heap base and to place the Java Heap above 32GB virtual address.
# This output file may be truncated or incomplete.
#
#  Out of Memory Error (arena.cpp:191), pid=17244, tid=16636
#
# JRE version: OpenJDK Runtime Environment Microsoft-8902769 (17.0.10+7) (build 17.0.10+7-LTS)
# Java VM: OpenJDK 64-Bit Server VM Microsoft-8902769 (17.0.10+7-LTS, mixed mode, sharing, tiered, compressed oops, compressed class ptrs, g1 gc, windows-amd64)
# No core dump will be written. Minidumps are not enabled by default on client versions of Windows
#

---------------  S U M M A R Y ------------

Command Line: -agentlib:jdwp=transport=dt_socket,server=n,suspend=y,address=localhost:52131 -XX:+ShowCodeDetailsInExceptionMessages -Dspring.jmx.enabled=true -Dmanagement.endpoints.jmx.exposure.include=* -Dspring.application.admin.enabled=true -Dspring.boot.project.name=org.paritosh.scm -Djava.rmi.server.hostname=localhost -Dcom.sun.management.jmxremote.port=45556 -Dcom.sun.management.jmxremote.authenticate=false -Dcom.sun.management.jmxremote.ssl=false com.scm.org.paritosh.scm.Application

Host: Intel(R) Core(TM) i7-7700HQ CPU @ 2.80GHz, 8 cores, 15G,  Windows 10 , 64 bit Build 19041 (10.0.19041.3636)
Time: Mon May 27 21:23:07 2024 India Standard Time elapsed time: 21.088466 seconds (0d 0h 0m 21s)

---------------  T H R E A D  ---------------

Current thread (0x000001dd6ec7dd50):  JavaThread "C2 CompilerThread1" daemon [_thread_in_native, id=16636, stack(0x000000bc05700000,0x000000bc05800000)]


Current CompileTask:
C2:  21088 7010       4       org.aspectj.apache.bcel.classfile.Attribute::readAttribute (568 bytes)

Stack: [0x000000bc05700000,0x000000bc05800000]
Native frames: (J=compiled Java code, j=interpreted, Vv=VM code, C=native code)
V  [jvm.dll+0x67f829]
V  [jvm.dll+0x83750a]
V  [jvm.dll+0x838fce]
V  [jvm.dll+0x839633]
V  [jvm.dll+0x247cbf]
V  [jvm.dll+0xac524]
V  [jvm.dll+0xacb6c]
V  [jvm.dll+0x368ca2]
V  [jvm.dll+0x1bcfd6]
V  [jvm.dll+0x21a559]
V  [jvm.dll+0x219821]
V  [jvm.dll+0x1a5176]
V  [jvm.dll+0x22957e]
V  [jvm.dll+0x22774c]
V  [jvm.dll+0x7ec5d7]
V  [jvm.dll+0x7e69da]
V  [jvm.dll+0x67e715]
C  [ucrtbase.dll+0x21bb2]
C  [KERNEL32.DLL+0x17344]
C  [ntdll.dll+0x526b1]


---------------  P R O C E S S  ---------------

Threads class SMR info:
_java_thread_list=0x000001dd703498d0, length=31, elements={
0x000001dd4650ab70, 0x000001dd693da660, 0x000001dd693dc4f0, 0x000001dd693ee8a0,
0x000001dd696184c0, 0x000001dd6961af90, 0x000001dd6961b950, 0x000001dd6961e700,
0x000001dd696232d0, 0x000001dd6962df00, 0x000001dd69743e30, 0x000001dd697b61f0,
0x000001dd697d35f0, 0x000001dd697d3af0, 0x000001dd697dbf00, 0x000001dd698c2340,
0x000001dd6e4f0790, 0x000001dd6e4985a0, 0x000001dd6eb68150, 0x000001dd6ec48980,
0x000001dd6ecc0750, 0x000001dd6ecc2fd0, 0x000001dd6ecc0c60, 0x000001dd6ecc1680,
0x000001dd6ecc1b90, 0x000001dd6ecc20a0, 0x000001dd6ecc25b0, 0x000001dd7507a780,
0x000001dd75075b90, 0x000001dd6ec7dd50, 0x000001dd6ec7c2c0
}

Java Threads: ( => current thread )
  0x000001dd4650ab70 JavaThread "main" [_thread_blocked, id=13832, stack(0x000000bc02700000,0x000000bc02800000)]
  0x000001dd693da660 JavaThread "Reference Handler" daemon [_thread_blocked, id=16836, stack(0x000000bc02e00000,0x000000bc02f00000)]
  0x000001dd693dc4f0 JavaThread "Finalizer" daemon [_thread_blocked, id=16464, stack(0x000000bc02f00000,0x000000bc03000000)]
  0x000001dd693ee8a0 JavaThread "Signal Dispatcher" daemon [_thread_blocked, id=10388, stack(0x000000bc03000000,0x000000bc03100000)]
  0x000001dd696184c0 JavaThread "Attach Listener" daemon [_thread_blocked, id=8452, stack(0x000000bc03100000,0x000000bc03200000)]
  0x000001dd6961af90 JavaThread "Service Thread" daemon [_thread_blocked, id=5032, stack(0x000000bc03200000,0x000000bc03300000)]
  0x000001dd6961b950 JavaThread "Monitor Deflation Thread" daemon [_thread_blocked, id=2932, stack(0x000000bc03300000,0x000000bc03400000)]
  0x000001dd6961e700 JavaThread "C2 CompilerThread0" daemon [_thread_in_native, id=9588, stack(0x000000bc03400000,0x000000bc03500000)]
  0x000001dd696232d0 JavaThread "C1 CompilerThread0" daemon [_thread_blocked, id=1520, stack(0x000000bc03500000,0x000000bc03600000)]
  0x000001dd6962df00 JavaThread "Sweeper thread" daemon [_thread_blocked, id=5684, stack(0x000000bc03600000,0x000000bc03700000)]
  0x000001dd69743e30 JavaThread "Common-Cleaner" daemon [_thread_blocked, id=15664, stack(0x000000bc03700000,0x000000bc03800000)]
  0x000001dd697b61f0 JavaThread "JDWP Transport Listener: dt_socket" daemon [_thread_blocked, id=8400, stack(0x000000bc03900000,0x000000bc03a00000)]
  0x000001dd697d35f0 JavaThread "JDWP Event Helper Thread" daemon [_thread_blocked, id=17320, stack(0x000000bc03a00000,0x000000bc03b00000)]
  0x000001dd697d3af0 JavaThread "JDWP Command Reader" daemon [_thread_in_native, id=13900, stack(0x000000bc03b00000,0x000000bc03c00000)]
  0x000001dd697dbf00 JavaThread "Notification Thread" daemon [_thread_blocked, id=14964, stack(0x000000bc03c00000,0x000000bc03d00000)]
  0x000001dd698c2340 JavaThread "RMI TCP Accept-0" daemon [_thread_in_native, id=4924, stack(0x000000bc03800000,0x000000bc03900000)]
  0x000001dd6e4f0790 JavaThread "RMI TCP Accept-45556" daemon [_thread_in_native, id=16004, stack(0x000000bc03d00000,0x000000bc03e00000)]
  0x000001dd6e4985a0 JavaThread "RMI TCP Accept-0" daemon [_thread_in_native, id=10528, stack(0x000000bc03e00000,0x000000bc03f00000)]
  0x000001dd6eb68150 JavaThread "Thread-0" [_thread_blocked, id=10948, stack(0x000000bc04a00000,0x000000bc04b00000)]
  0x000001dd6ec48980 JavaThread "restartedMain" [_thread_in_native, id=3900, stack(0x000000bc04b00000,0x000000bc04c00000)]
  0x000001dd6ecc0750 JavaThread "RMI TCP Connection(1)-127.0.0.1" daemon [_thread_in_native, id=15676, stack(0x000000bc04c00000,0x000000bc04d00000)]
  0x000001dd6ecc2fd0 JavaThread "RMI Scheduler(0)" daemon [_thread_blocked, id=17112, stack(0x000000bc04e00000,0x000000bc04f00000)]
  0x000001dd6ecc0c60 JavaThread "RMI TCP Connection(2)-127.0.0.1" daemon [_thread_in_native, id=5436, stack(0x000000bc05000000,0x000000bc05100000)]
  0x000001dd6ecc1680 JavaThread "JMX server connection timeout 31" daemon [_thread_blocked, id=10312, stack(0x000000bc05100000,0x000000bc05200000)]
  0x000001dd6ecc1b90 JavaThread "Catalina-utility-1" [_thread_blocked, id=14432, stack(0x000000bc05200000,0x000000bc05300000)]
  0x000001dd6ecc20a0 JavaThread "Catalina-utility-2" [_thread_blocked, id=12672, stack(0x000000bc05300000,0x000000bc05400000)]
  0x000001dd6ecc25b0 JavaThread "container-0" [_thread_blocked, id=1272, stack(0x000000bc05400000,0x000000bc05500000)]
  0x000001dd7507a780 JavaThread "mysql-cj-abandoned-connection-cleanup" daemon [_thread_blocked, id=2788, stack(0x000000bc05500000,0x000000bc05600000)]
  0x000001dd75075b90 JavaThread "HikariPool-1 housekeeper" daemon [_thread_blocked, id=9964, stack(0x000000bc04000000,0x000000bc04100000)]
=>0x000001dd6ec7dd50 JavaThread "C2 CompilerThread1" daemon [_thread_in_native, id=16636, stack(0x000000bc05700000,0x000000bc05800000)]
  0x000001dd6ec7c2c0 JavaThread "C2 CompilerThread2" daemon [_thread_in_native, id=13448, stack(0x000000bc05800000,0x000000bc05900000)]

Other Threads:
  0x000001dd693d4640 VMThread "VM Thread" [stack: 0x000000bc02d00000,0x000000bc02e00000] [id=7120]
  0x000001dd6e487820 WatcherThread [stack: 0x000000bc03f00000,0x000000bc04000000] [id=15684]
  0x000001dd4657e760 GCTaskThread "GC Thread#0" [stack: 0x000000bc02800000,0x000000bc02900000] [id=5456]
  0x000001dd6e9a4910 GCTaskThread "GC Thread#1" [stack: 0x000000bc04100000,0x000000bc04200000] [id=15600]
  0x000001dd6e6e3840 GCTaskThread "GC Thread#2" [stack: 0x000000bc04200000,0x000000bc04300000] [id=11540]
  0x000001dd6e6e3b00 GCTaskThread "GC Thread#3" [stack: 0x000000bc04300000,0x000000bc04400000] [id=8976]
  0x000001dd6e9af4b0 GCTaskThread "GC Thread#4" [stack: 0x000000bc04400000,0x000000bc04500000] [id=10664]
  0x000001dd6e9a3e40 GCTaskThread "GC Thread#5" [stack: 0x000000bc04500000,0x000000bc04600000] [id=12300]
  0x000001dd6ec0a460 GCTaskThread "GC Thread#6" [stack: 0x000000bc04600000,0x000000bc04700000] [id=11412]
  0x000001dd6e58e8b0 GCTaskThread "GC Thread#7" [stack: 0x000000bc04700000,0x000000bc04800000] [id=1084]
  0x000001dd4658fca0 ConcurrentGCThread "G1 Main Marker" [stack: 0x000000bc02900000,0x000000bc02a00000] [id=16428]
  0x000001dd465916d0 ConcurrentGCThread "G1 Conc#0" [stack: 0x000000bc02a00000,0x000000bc02b00000] [id=13476]
  0x000001dd700b49c0 ConcurrentGCThread "G1 Conc#1" [stack: 0x000000bc04f00000,0x000000bc05000000] [id=12432]
  0x000001dd6928dd70 ConcurrentGCThread "G1 Refine#0" [stack: 0x000000bc02b00000,0x000000bc02c00000] [id=14664]
  0x000001dd6eb6b580 ConcurrentGCThread "G1 Refine#1" [stack: 0x000000bc04800000,0x000000bc04900000] [id=12352]
  0x000001dd6e5cc260 ConcurrentGCThread "G1 Refine#2" [stack: 0x000000bc04900000,0x000000bc04a00000] [id=11064]
  0x000001dd6928e7a0 ConcurrentGCThread "G1 Service" [stack: 0x000000bc02c00000,0x000000bc02d00000] [id=15248]

Threads with active compile tasks:
C2 CompilerThread0    21130 7062       4       sun.reflect.annotation.AnnotationInvocationHandler::invoke (178 bytes)
C2 CompilerThread1    21130 7010       4       org.aspectj.apache.bcel.classfile.Attribute::readAttribute (568 bytes)
C2 CompilerThread2    21130 7025       4       org.springframework.core.ResolvableType::as (86 bytes)

VM state: not at safepoint (normal execution)

VM Mutex/Monitor currently owned by a thread: None

Heap address: 0x0000000701a00000, size: 4070 MB, Compressed Oops mode: Zero based, Oop shift amount: 3

CDS archive(s) mapped at: [0x000001dd00000000-0x000001dd00bb0000-0x000001dd00bb0000), size 12255232, SharedBaseAddress: 0x000001dd00000000, ArchiveRelocationMode: 1.
Compressed class space mapped at: 0x000001dd01000000-0x000001dd41000000, reserved size: 1073741824
Narrow klass base: 0x000001dd00000000, Narrow klass shift: 0, Narrow klass range: 0x100000000

GC Precious Log:
 CPUs: 8 total, 8 available
 Memory: 16276M
 Large Page Support: Disabled
 NUMA Support: Disabled
 Compressed Oops: Enabled (Zero based)
 Heap Region Size: 2M
 Heap Min Capacity: 8M
 Heap Initial Capacity: 256M
 Heap Max Capacity: 4070M
 Pre-touch: Disabled
 Parallel Workers: 8
 Concurrent Workers: 2
 Concurrent Refinement Workers: 8
 Periodic GC: Disabled

Heap:
 garbage-first heap   total 102400K, used 49137K [0x0000000701a00000, 0x0000000800000000)
  region size 2048K, 12 young (24576K), 4 survivors (8192K)
 Metaspace       used 75550K, committed 76096K, reserved 1179648K
  class space    used 10177K, committed 10432K, reserved 1048576K

Heap Regions: E=young(eden), S=young(survivor), O=old, HS=humongous(starts), HC=humongous(continues), CS=collection set, F=free, OA=open archive, CA=closed archive, TAMS=top-at-mark-start (previous, next)
|   0|0x0000000701a00000, 0x0000000701c00000, 0x0000000701c00000|100%| O|  |TAMS 0x0000000701c00000, 0x0000000701a00000| Untracked 
|   1|0x0000000701c00000, 0x0000000701e00000, 0x0000000701e00000|100%| O|  |TAMS 0x0000000701e00000, 0x0000000701c00000| Untracked 
|   2|0x0000000701e00000, 0x0000000702000000, 0x0000000702000000|100%| O|  |TAMS 0x0000000702000000, 0x0000000701e00000| Untracked 
|   3|0x0000000702000000, 0x0000000702200000, 0x0000000702200000|100%| O|  |TAMS 0x0000000702200000, 0x0000000702000000| Untracked 
|   4|0x0000000702200000, 0x0000000702400000, 0x0000000702400000|100%| O|  |TAMS 0x0000000702400000, 0x0000000702200000| Untracked 
|   5|0x0000000702400000, 0x0000000702600000, 0x0000000702600000|100%| O|  |TAMS 0x0000000702600000, 0x0000000702400000| Untracked 
|   6|0x0000000702600000, 0x0000000702800000, 0x0000000702800000|100%| O|  |TAMS 0x0000000702800000, 0x0000000702600000| Untracked 
|   7|0x0000000702800000, 0x0000000702a00000, 0x0000000702a00000|100%| O|  |TAMS 0x0000000702a00000, 0x0000000702800000| Untracked 
|   8|0x0000000702a00000, 0x0000000702c00000, 0x0000000702c00000|100%| O|  |TAMS 0x0000000702c00000, 0x0000000702a00000| Untracked 
|   9|0x0000000702c00000, 0x0000000702e00000, 0x0000000702e00000|100%| O|  |TAMS 0x0000000702c00000, 0x0000000702c00000| Untracked 
|  10|0x0000000702e00000, 0x0000000703000000, 0x0000000703000000|100%| O|  |TAMS 0x0000000702e00000, 0x0000000702e00000| Untracked 
|  11|0x0000000703000000, 0x0000000703200000, 0x0000000703200000|100%| O|  |TAMS 0x0000000703200000, 0x0000000703000000| Untracked 
|  12|0x0000000703200000, 0x0000000703400000, 0x0000000703400000|100%| O|  |TAMS 0x0000000703400000, 0x0000000703200000| Untracked 
|  13|0x0000000703400000, 0x00000007035a5800, 0x0000000703600000| 82%| O|  |TAMS 0x0000000703400000, 0x0000000703400000| Untracked 
|  14|0x0000000703600000, 0x0000000703600000, 0x0000000703800000|  0%| F|  |TAMS 0x0000000703600000, 0x0000000703600000| Untracked 
|  15|0x0000000703800000, 0x0000000703800000, 0x0000000703a00000|  0%| F|  |TAMS 0x0000000703800000, 0x0000000703800000| Untracked 
|  16|0x0000000703a00000, 0x0000000703a00000, 0x0000000703c00000|  0%| F|  |TAMS 0x0000000703a00000, 0x0000000703a00000| Untracked 
|  17|0x0000000703c00000, 0x0000000703c00000, 0x0000000703e00000|  0%| F|  |TAMS 0x0000000703c00000, 0x0000000703c00000| Untracked 
|  18|0x0000000703e00000, 0x0000000703e00000, 0x0000000704000000|  0%| F|  |TAMS 0x0000000703e00000, 0x0000000703e00000| Untracked 
|  19|0x0000000704000000, 0x0000000704000000, 0x0000000704200000|  0%| F|  |TAMS 0x0000000704000000, 0x0000000704000000| Untracked 
|  20|0x0000000704200000, 0x0000000704200000, 0x0000000704400000|  0%| F|  |TAMS 0x0000000704200000, 0x0000000704200000| Untracked 
|  21|0x0000000704400000, 0x0000000704400000, 0x0000000704600000|  0%| F|  |TAMS 0x0000000704400000, 0x0000000704400000| Untracked 
|  22|0x0000000704600000, 0x0000000704600000, 0x0000000704800000|  0%| F|  |TAMS 0x0000000704600000, 0x0000000704600000| Untracked 
|  23|0x0000000704800000, 0x0000000704856f20, 0x0000000704a00000| 16%| S|CS|TAMS 0x0000000704800000, 0x0000000704800000| Complete 
|  24|0x0000000704a00000, 0x0000000704c00000, 0x0000000704c00000|100%| S|CS|TAMS 0x0000000704a00000, 0x0000000704a00000| Complete 
|  25|0x0000000704c00000, 0x0000000704e00000, 0x0000000704e00000|100%| S|CS|TAMS 0x0000000704c00000, 0x0000000704c00000| Complete 
|  26|0x0000000704e00000, 0x0000000705000000, 0x0000000705000000|100%| S|CS|TAMS 0x0000000704e00000, 0x0000000704e00000| Complete 
|  27|0x0000000705000000, 0x0000000705000000, 0x0000000705200000|  0%| F|  |TAMS 0x0000000705000000, 0x0000000705000000| Untracked 
|  28|0x0000000705200000, 0x0000000705200000, 0x0000000705400000|  0%| F|  |TAMS 0x0000000705200000, 0x0000000705200000| Untracked 
|  29|0x0000000705400000, 0x0000000705400000, 0x0000000705600000|  0%| F|  |TAMS 0x0000000705400000, 0x0000000705400000| Untracked 
|  30|0x0000000705600000, 0x0000000705600000, 0x0000000705800000|  0%| F|  |TAMS 0x0000000705600000, 0x0000000705600000| Untracked 
|  31|0x0000000705800000, 0x0000000705800000, 0x0000000705a00000|  0%| F|  |TAMS 0x0000000705800000, 0x0000000705800000| Untracked 
|  32|0x0000000705a00000, 0x0000000705a00000, 0x0000000705c00000|  0%| F|  |TAMS 0x0000000705a00000, 0x0000000705a00000| Untracked 
|  33|0x0000000705c00000, 0x0000000705c00000, 0x0000000705e00000|  0%| F|  |TAMS 0x0000000705c00000, 0x0000000705c00000| Untracked 
|  34|0x0000000705e00000, 0x0000000705e00000, 0x0000000706000000|  0%| F|  |TAMS 0x0000000705e00000, 0x0000000705e00000| Untracked 
|  35|0x0000000706000000, 0x0000000706000000, 0x0000000706200000|  0%| F|  |TAMS 0x0000000706000000, 0x0000000706000000| Untracked 
|  36|0x0000000706200000, 0x0000000706200000, 0x0000000706400000|  0%| F|  |TAMS 0x0000000706200000, 0x0000000706200000| Untracked 
|  37|0x0000000706400000, 0x0000000706400000, 0x0000000706600000|  0%| F|  |TAMS 0x0000000706400000, 0x0000000706400000| Untracked 
|  38|0x0000000706600000, 0x0000000706600000, 0x0000000706800000|  0%| F|  |TAMS 0x0000000706600000, 0x0000000706600000| Untracked 
|  39|0x0000000706800000, 0x0000000706800000, 0x0000000706a00000|  0%| F|  |TAMS 0x0000000706800000, 0x0000000706800000| Untracked 
|  40|0x0000000706a00000, 0x0000000706a00000, 0x0000000706c00000|  0%| F|  |TAMS 0x0000000706a00000, 0x0000000706a00000| Untracked 
|  41|0x0000000706c00000, 0x0000000706c00000, 0x0000000706e00000|  0%| F|  |TAMS 0x0000000706c00000, 0x0000000706c00000| Untracked 
|  42|0x0000000706e00000, 0x0000000706ed4ff8, 0x0000000707000000| 41%| E|  |TAMS 0x0000000706e00000, 0x0000000706e00000| Complete 
|  43|0x0000000707000000, 0x0000000707200000, 0x0000000707200000|100%| E|CS|TAMS 0x0000000707000000, 0x0000000707000000| Complete 
|  44|0x0000000707200000, 0x0000000707400000, 0x0000000707400000|100%| E|CS|TAMS 0x0000000707200000, 0x0000000707200000| Complete 
|  45|0x0000000707400000, 0x0000000707600000, 0x0000000707600000|100%| E|CS|TAMS 0x0000000707400000, 0x0000000707400000| Complete 
|  46|0x0000000707600000, 0x0000000707800000, 0x0000000707800000|100%| E|CS|TAMS 0x0000000707600000, 0x0000000707600000| Complete 
|  47|0x0000000707800000, 0x0000000707a00000, 0x0000000707a00000|100%| E|CS|TAMS 0x0000000707800000, 0x0000000707800000| Complete 
|  48|0x0000000707a00000, 0x0000000707c00000, 0x0000000707c00000|100%| E|CS|TAMS 0x0000000707a00000, 0x0000000707a00000| Complete 
| 127|0x0000000711800000, 0x0000000711a00000, 0x0000000711a00000|100%| E|CS|TAMS 0x0000000711800000, 0x0000000711800000| Complete 

Card table byte_map: [0x000001dd5db40000,0x000001dd5e340000] _byte_map_base: 0x000001dd5a333000

Marking Bits (Prev, Next): (CMBitMap*) 0x000001dd4657edc0, (CMBitMap*) 0x000001dd4657ed80
 Prev Bits: [0x000001dd62ae0000, 0x000001dd66a78000)
 Next Bits: [0x000001dd5eb40000, 0x000001dd62ad8000)

Polling page: 0x000001dd45cb0000

Metaspace:

Usage:
  Non-class:     63.85 MB used.
      Class:      9.94 MB used.
       Both:     73.79 MB used.

Virtual space:
  Non-class space:      128.00 MB reserved,      64.19 MB ( 50%) committed,  2 nodes.
      Class space:        1.00 GB reserved,      10.19 MB ( <1%) committed,  1 nodes.
             Both:        1.12 GB reserved,      74.38 MB (  6%) committed. 

Chunk freelists:
   Non-Class:  15.55 MB
       Class:  5.77 MB
        Both:  21.31 MB

MaxMetaspaceSize: unlimited
CompressedClassSpaceSize: 1.00 GB
Initial GC threshold: 21.00 MB
Current GC threshold: 99.69 MB
CDS: on
MetaspaceReclaimPolicy: balanced
 - commit_granule_bytes: 65536.
 - commit_granule_words: 8192.
 - virtual_space_node_default_size: 8388608.
 - enlarge_chunks_in_place: 1.
 - new_chunks_are_fully_committed: 0.
 - uncommit_free_chunks: 1.
 - use_allocation_guard: 0.
 - handle_deallocations: 1.


Internal statistics:

num_allocs_failed_limit: 13.
num_arena_births: 878.
num_arena_deaths: 0.
num_vsnodes_births: 3.
num_vsnodes_deaths: 0.
num_space_committed: 1190.
num_space_uncommitted: 0.
num_chunks_returned_to_freelist: 13.
num_chunks_taken_from_freelist: 3508.
num_chunk_merges: 13.
num_chunk_splits: 2532.
num_chunks_enlarged: 1964.
num_inconsistent_stats: 0.

CodeHeap 'non-profiled nmethods': size=120000Kb used=5743Kb max_used=5743Kb free=114256Kb
 bounds [0x000001dd55ae0000, 0x000001dd56080000, 0x000001dd5d010000]
CodeHeap 'profiled nmethods': size=120000Kb used=13417Kb max_used=13417Kb free=106582Kb
 bounds [0x000001dd4e010000, 0x000001dd4ed30000, 0x000001dd55540000]
CodeHeap 'non-nmethods': size=5760Kb used=1447Kb max_used=1548Kb free=4312Kb
 bounds [0x000001dd55540000, 0x000001dd557b0000, 0x000001dd55ae0000]
 total_blobs=7077 nmethods=6366 adapters=622
 compilation: enabled
              stopped_count=0, restarted_count=0
 full_count=0

Compilation events (20 events):
Event: 21.044 Thread 0x000001dd696232d0 7077       2       org.springframework.beans.propertyeditors.InputStreamEditor::<init> (16 bytes)
Event: 21.044 Thread 0x000001dd696232d0 nmethod 7077 0x000001dd4ed23610 code [0x000001dd4ed237c0, 0x000001dd4ed23a68]
Event: 21.045 Thread 0x000001dd6ec7c2c0 nmethod 6936 0x000001dd5606f590 code [0x000001dd5606f880, 0x000001dd56071908]
Event: 21.046 Thread 0x000001dd6ec7c2c0 7025       4       org.springframework.core.ResolvableType::as (86 bytes)
Event: 21.074 Thread 0x000001dd696232d0 7078       2       java.util.Collections$UnmodifiableMap$UnmodifiableEntrySet$UnmodifiableEntry::getValue (10 bytes)
Event: 21.074 Thread 0x000001dd696232d0 nmethod 7078 0x000001dd4ed23b90 code [0x000001dd4ed23d20, 0x000001dd4ed23e48]
Event: 21.075 Thread 0x000001dd696232d0 7079       3       org.springframework.core.annotation.MergedAnnotations::from (41 bytes)
Event: 21.076 Thread 0x000001dd696232d0 nmethod 7079 0x000001dd4ed23f10 code [0x000001dd4ed24180, 0x000001dd4ed24a18]
Event: 21.076 Thread 0x000001dd696232d0 7081       3       org.springframework.core.annotation.TypeMappedAnnotations::from (27 bytes)
Event: 21.076 Thread 0x000001dd696232d0 nmethod 7081 0x000001dd4ed24d90 code [0x000001dd4ed24f40, 0x000001dd4ed251d8]
Event: 21.076 Thread 0x000001dd696232d0 7082       3       org.springframework.core.annotation.AnnotationsScanner::isKnownEmpty (63 bytes)
Event: 21.076 Thread 0x000001dd696232d0 nmethod 7082 0x000001dd4ed25310 code [0x000001dd4ed25520, 0x000001dd4ed25ba8]
Event: 21.076 Thread 0x000001dd696232d0 7080   !   2       org.springframework.beans.factory.support.AbstractBeanFactory::registerCustomEditors (198 bytes)
Event: 21.077 Thread 0x000001dd696232d0 nmethod 7080 0x000001dd4ed25d10 code [0x000001dd4ed25fe0, 0x000001dd4ed268e8]
Event: 21.077 Thread 0x000001dd696232d0 7083       2       org.aspectj.apache.bcel.classfile.annotation.AnnotationGen::<init> (22 bytes)
Event: 21.078 Thread 0x000001dd696232d0 nmethod 7083 0x000001dd4ed27010 code [0x000001dd4ed271a0, 0x000001dd4ed27378]
Event: 21.078 Thread 0x000001dd696232d0 7084   !   2       org.springframework.beans.factory.support.DefaultSingletonBeanRegistry::registerDependentBean (115 bytes)
Event: 21.078 Thread 0x000001dd696232d0 nmethod 7084 0x000001dd4ed27410 code [0x000001dd4ed27620, 0x000001dd4ed27cc8]
Event: 21.080 Thread 0x000001dd696232d0 7085       2       org.springframework.beans.factory.annotation.InitDestroyAnnotationBeanPostProcessor::buildLifecycleMetadata (155 bytes)
Event: 21.081 Thread 0x000001dd696232d0 nmethod 7085 0x000001dd4ed28090 code [0x000001dd4ed282e0, 0x000001dd4ed28e08]

GC Heap History (20 events):
Event: 6.004 GC heap before
{Heap before GC invocations=7 (full 0):
 garbage-first heap   total 55296K, used 35333K [0x0000000701a00000, 0x0000000800000000)
  region size 2048K, 10 young (20480K), 1 survivors (2048K)
 Metaspace       used 28299K, committed 28608K, reserved 1114112K
  class space    used 3608K, committed 3776K, reserved 1048576K
}
Event: 6.007 GC heap after
{Heap after GC invocations=8 (full 0):
 garbage-first heap   total 55296K, used 17986K [0x0000000701a00000, 0x0000000800000000)
  region size 2048K, 2 young (4096K), 2 survivors (4096K)
 Metaspace       used 28299K, committed 28608K, reserved 1114112K
  class space    used 3608K, committed 3776K, reserved 1048576K
}
Event: 6.622 GC heap before
{Heap before GC invocations=8 (full 0):
 garbage-first heap   total 55296K, used 36418K [0x0000000701a00000, 0x0000000800000000)
  region size 2048K, 11 young (22528K), 2 survivors (4096K)
 Metaspace       used 30494K, committed 30976K, reserved 1114112K
  class space    used 3934K, committed 4160K, reserved 1048576K
}
Event: 6.626 GC heap after
{Heap after GC invocations=9 (full 0):
 garbage-first heap   total 55296K, used 19418K [0x0000000701a00000, 0x0000000800000000)
  region size 2048K, 2 young (4096K), 2 survivors (4096K)
 Metaspace       used 30494K, committed 30976K, reserved 1114112K
  class space    used 3934K, committed 4160K, reserved 1048576K
}
Event: 7.270 GC heap before
{Heap before GC invocations=9 (full 0):
 garbage-first heap   total 55296K, used 35802K [0x0000000701a00000, 0x0000000800000000)
  region size 2048K, 11 young (22528K), 2 survivors (4096K)
 Metaspace       used 34543K, committed 35008K, reserved 1114112K
  class space    used 4442K, committed 4672K, reserved 1048576K
}
Event: 7.273 GC heap after
{Heap after GC invocations=10 (full 0):
 garbage-first heap   total 55296K, used 20857K [0x0000000701a00000, 0x0000000800000000)
  region size 2048K, 2 young (4096K), 2 survivors (4096K)
 Metaspace       used 34543K, committed 35008K, reserved 1114112K
  class space    used 4442K, committed 4672K, reserved 1048576K
}
Event: 7.689 GC heap before
{Heap before GC invocations=10 (full 0):
 garbage-first heap   total 55296K, used 35193K [0x0000000701a00000, 0x0000000800000000)
  region size 2048K, 10 young (20480K), 2 survivors (4096K)
 Metaspace       used 35897K, committed 36288K, reserved 1114112K
  class space    used 4641K, committed 4800K, reserved 1048576K
}
Event: 7.692 GC heap after
{Heap after GC invocations=11 (full 0):
 garbage-first heap   total 55296K, used 22069K [0x0000000701a00000, 0x0000000800000000)
  region size 2048K, 2 young (4096K), 2 survivors (4096K)
 Metaspace       used 35897K, committed 36288K, reserved 1114112K
  class space    used 4641K, committed 4800K, reserved 1048576K
}
Event: 9.159 GC heap before
{Heap before GC invocations=12 (full 0):
 garbage-first heap   total 55296K, used 40501K [0x0000000701a00000, 0x0000000800000000)
  region size 2048K, 11 young (22528K), 2 survivors (4096K)
 Metaspace       used 37757K, committed 38208K, reserved 1114112K
  class space    used 4847K, committed 5056K, reserved 1048576K
}
Event: 9.174 GC heap after
{Heap after GC invocations=13 (full 0):
 garbage-first heap   total 55296K, used 23249K [0x0000000701a00000, 0x0000000800000000)
  region size 2048K, 2 young (4096K), 2 survivors (4096K)
 Metaspace       used 37757K, committed 38208K, reserved 1114112K
  class space    used 4847K, committed 5056K, reserved 1048576K
}
Event: 9.375 GC heap before
{Heap before GC invocations=13 (full 0):
 garbage-first heap   total 55296K, used 25297K [0x0000000701a00000, 0x0000000800000000)
  region size 2048K, 3 young (6144K), 2 survivors (4096K)
 Metaspace       used 37897K, committed 38336K, reserved 1114112K
  class space    used 4877K, committed 5120K, reserved 1048576K
}
Event: 9.390 GC heap after
{Heap after GC invocations=14 (full 0):
 garbage-first heap   total 55296K, used 22983K [0x0000000701a00000, 0x0000000800000000)
  region size 2048K, 1 young (2048K), 1 survivors (2048K)
 Metaspace       used 37897K, committed 38336K, reserved 1114112K
  class space    used 4877K, committed 5120K, reserved 1048576K
}
Event: 10.085 GC heap before
{Heap before GC invocations=14 (full 0):
 garbage-first heap   total 55296K, used 41415K [0x0000000701a00000, 0x0000000800000000)
  region size 2048K, 10 young (20480K), 1 survivors (2048K)
 Metaspace       used 39157K, committed 39680K, reserved 1114112K
  class space    used 5067K, committed 5312K, reserved 1048576K
}
Event: 10.089 GC heap after
{Heap after GC invocations=15 (full 0):
 garbage-first heap   total 159744K, used 23849K [0x0000000701a00000, 0x0000000800000000)
  region size 2048K, 1 young (2048K), 1 survivors (2048K)
 Metaspace       used 39157K, committed 39680K, reserved 1114112K
  class space    used 5067K, committed 5312K, reserved 1048576K
}
Event: 15.590 GC heap before
{Heap before GC invocations=15 (full 0):
 garbage-first heap   total 159744K, used 99625K [0x0000000701a00000, 0x0000000800000000)
  region size 2048K, 39 young (79872K), 1 survivors (2048K)
 Metaspace       used 60425K, committed 60928K, reserved 1114112K
  class space    used 7904K, committed 8128K, reserved 1048576K
}
Event: 15.595 GC heap after
{Heap after GC invocations=16 (full 0):
 garbage-first heap   total 159744K, used 28631K [0x0000000701a00000, 0x0000000800000000)
  region size 2048K, 3 young (6144K), 3 survivors (6144K)
 Metaspace       used 60425K, committed 60928K, reserved 1114112K
  class space    used 7904K, committed 8128K, reserved 1048576K
}
Event: 17.384 GC heap before
{Heap before GC invocations=17 (full 0):
 garbage-first heap   total 102400K, used 83927K [0x0000000701a00000, 0x0000000800000000)
  region size 2048K, 30 young (61440K), 3 survivors (6144K)
 Metaspace       used 70735K, committed 71296K, reserved 1114112K
  class space    used 9451K, committed 9728K, reserved 1048576K
}
Event: 17.391 GC heap after
{Heap after GC invocations=18 (full 0):
 garbage-first heap   total 102400K, used 31789K [0x0000000701a00000, 0x0000000800000000)
  region size 2048K, 2 young (4096K), 2 survivors (4096K)
 Metaspace       used 70735K, committed 71296K, reserved 1114112K
  class space    used 9451K, committed 9728K, reserved 1048576K
}
Event: 20.683 GC heap before
{Heap before GC invocations=18 (full 0):
 garbage-first heap   total 102400K, used 78893K [0x0000000701a00000, 0x0000000800000000)
  region size 2048K, 25 young (51200K), 2 survivors (4096K)
 Metaspace       used 74967K, committed 75520K, reserved 1114112K
  class space    used 10077K, committed 10368K, reserved 1048576K
}
Event: 20.689 GC heap after
{Heap after GC invocations=19 (full 0):
 garbage-first heap   total 102400K, used 34801K [0x0000000701a00000, 0x0000000800000000)
  region size 2048K, 4 young (8192K), 4 survivors (8192K)
 Metaspace       used 74967K, committed 75520K, reserved 1114112K
  class space    used 10077K, committed 10368K, reserved 1048576K
}

Dll operation events (11 events):
Event: 0.030 Loaded shared library C:\Program Files\Microsoft\jdk-17.0.10.7-hotspot\bin\java.dll
Event: 0.115 Loaded shared library C:\Program Files\Microsoft\jdk-17.0.10.7-hotspot\bin\jsvml.dll
Event: 0.423 Loaded shared library C:\Program Files\Microsoft\jdk-17.0.10.7-hotspot\bin\jimage.dll
Event: 0.437 Loaded shared library C:\Program Files\Microsoft\jdk-17.0.10.7-hotspot\bin\net.dll
Event: 0.439 Loaded shared library C:\Program Files\Microsoft\jdk-17.0.10.7-hotspot\bin\nio.dll
Event: 0.445 Loaded shared library C:\Program Files\Microsoft\jdk-17.0.10.7-hotspot\bin\zip.dll
Event: 0.568 Loaded shared library C:\Program Files\Microsoft\jdk-17.0.10.7-hotspot\bin\management.dll
Event: 0.592 Loaded shared library C:\Program Files\Microsoft\jdk-17.0.10.7-hotspot\bin\management_ext.dll
Event: 0.995 Loaded shared library C:\Program Files\Microsoft\jdk-17.0.10.7-hotspot\bin\extnet.dll
Event: 3.410 Loaded shared library C:\Program Files\Microsoft\jdk-17.0.10.7-hotspot\bin\sunmscapi.dll
Event: 10.644 Loaded shared library C:\Program Files\Microsoft\jdk-17.0.10.7-hotspot\bin\verify.dll

Deoptimization events (20 events):
Event: 21.074 Thread 0x000001dd6ec48980 Uncommon trap: trap_request=0xffffff45 fr.pc=0x000001dd55ffc038 relative=0x0000000000000778
Event: 21.074 Thread 0x000001dd6ec48980 Uncommon trap: reason=unstable_if action=reinterpret pc=0x000001dd55ffc038 method=org.springframework.core.annotation.AnnotationsScanner.isKnownEmpty(Ljava/lang/reflect/AnnotatedElement;Lorg/springframework/core/annotation/MergedAnnotations$SearchStrategy
Event: 21.074 Thread 0x000001dd6ec48980 DEOPT PACKING pc=0x000001dd55ffc038 sp=0x000000bc04bf9840
Event: 21.074 Thread 0x000001dd6ec48980 DEOPT UNPACKING pc=0x000001dd555969a3 sp=0x000000bc04bf97e8 mode 2
Event: 21.074 Thread 0x000001dd6ec48980 Uncommon trap: trap_request=0xffffff45 fr.pc=0x000001dd55ffd734 relative=0x0000000000000614
Event: 21.074 Thread 0x000001dd6ec48980 Uncommon trap: reason=unstable_if action=reinterpret pc=0x000001dd55ffd734 method=org.springframework.core.annotation.AnnotationsScanner.isKnownEmpty(Ljava/lang/reflect/AnnotatedElement;Lorg/springframework/core/annotation/MergedAnnotations$SearchStrategy
Event: 21.074 Thread 0x000001dd6ec48980 DEOPT PACKING pc=0x000001dd55ffd734 sp=0x000000bc04bf97f0
Event: 21.074 Thread 0x000001dd6ec48980 DEOPT UNPACKING pc=0x000001dd555969a3 sp=0x000000bc04bf97e8 mode 2
Event: 21.081 Thread 0x000001dd6ec48980 DEOPT PACKING pc=0x000001dd4e6fcf29 sp=0x000000bc04bf8520
Event: 21.081 Thread 0x000001dd6ec48980 DEOPT UNPACKING pc=0x000001dd55597143 sp=0x000000bc04bf7a08 mode 1
Event: 21.081 Thread 0x000001dd6ec48980 DEOPT PACKING pc=0x000001dd4e4920c4 sp=0x000000bc04bf85c0
Event: 21.081 Thread 0x000001dd6ec48980 DEOPT UNPACKING pc=0x000001dd55597143 sp=0x000000bc04bf7b70 mode 1
Event: 21.082 Thread 0x000001dd6ec48980 DEOPT PACKING pc=0x000001dd4e541d8c sp=0x000000bc04bf8730
Event: 21.082 Thread 0x000001dd6ec48980 DEOPT UNPACKING pc=0x000001dd55597143 sp=0x000000bc04bf7d00 mode 1
Event: 21.082 Thread 0x000001dd6ec48980 DEOPT PACKING pc=0x000001dd4e6fcf29 sp=0x000000bc04bf81c0
Event: 21.082 Thread 0x000001dd6ec48980 DEOPT UNPACKING pc=0x000001dd55597143 sp=0x000000bc04bf76a8 mode 1
Event: 21.082 Thread 0x000001dd6ec48980 DEOPT PACKING pc=0x000001dd4e4920c4 sp=0x000000bc04bf8260
Event: 21.082 Thread 0x000001dd6ec48980 DEOPT UNPACKING pc=0x000001dd55597143 sp=0x000000bc04bf7810 mode 1
Event: 21.083 Thread 0x000001dd6ec48980 DEOPT PACKING pc=0x000001dd4e541d8c sp=0x000000bc04bf83d0
Event: 21.083 Thread 0x000001dd6ec48980 DEOPT UNPACKING pc=0x000001dd55597143 sp=0x000000bc04bf79a0 mode 1

Classes unloaded (0 events):
No events

Classes redefined (0 events):
No events

Internal exceptions (20 events):
Event: 20.374 Thread 0x000001dd6ecc0c60 Exception <a 'java/lang/ClassNotFoundException'{0x00000007056bec28}: org/springframework/context/support/LiveBeansView> (0x00000007056bec28) 
thrown [s\src\hotspot\share\classfile\systemDictionary.cpp, line 256]
Event: 20.374 Thread 0x000001dd6ecc0c60 Exception <a 'java/lang/ClassNotFoundException'{0x00000007056befe8}: org/springframework/context/support/LiveBeansView> (0x00000007056befe8) 
thrown [s\src\hotspot\share\classfile\systemDictionary.cpp, line 256]
Event: 20.374 Thread 0x000001dd6ecc0c60 Exception <a 'java/lang/ClassNotFoundException'{0x00000007056bf3a0}: org/springframework/context/support/LiveBeansView> (0x00000007056bf3a0) 
thrown [s\src\hotspot\share\classfile\systemDictionary.cpp, line 256]
Event: 20.375 Thread 0x000001dd6ecc0c60 Exception <a 'java/lang/ClassNotFoundException'{0x00000007056bf750}: org/springframework/context/support/LiveBeansView> (0x00000007056bf750) 
thrown [s\src\hotspot\share\classfile\systemDictionary.cpp, line 256]
Event: 20.375 Thread 0x000001dd6ecc0c60 Exception <a 'java/lang/ClassNotFoundException'{0x00000007056bfb18}: org/springframework/context/support/LiveBeansView> (0x00000007056bfb18) 
thrown [s\src\hotspot\share\classfile\systemDictionary.cpp, line 256]
Event: 20.375 Thread 0x000001dd6ecc0c60 Exception <a 'java/lang/ClassNotFoundException'{0x00000007056bfed8}: org/springframework/context/support/LiveBeansView> (0x00000007056bfed8) 
thrown [s\src\hotspot\share\classfile\systemDictionary.cpp, line 256]
Event: 20.375 Thread 0x000001dd6ecc0c60 Exception <a 'java/lang/ClassNotFoundException'{0x00000007056c0298}: org/springframework/context/support/LiveBeansView> (0x00000007056c0298) 
thrown [s\src\hotspot\share\classfile\systemDictionary.cpp, line 256]
Event: 20.375 Thread 0x000001dd6ecc0c60 Exception <a 'java/lang/ClassNotFoundException'{0x00000007056c0658}: org/springframework/context/support/LiveBeansView> (0x00000007056c0658) 
thrown [s\src\hotspot\share\classfile\systemDictionary.cpp, line 256]
Event: 20.375 Thread 0x000001dd6ecc0c60 Exception <a 'java/lang/ClassNotFoundException'{0x00000007056c09f8}: org/springframework/context/support/LiveBeansView> (0x00000007056c09f8) 
thrown [s\src\hotspot\share\classfile\systemDictionary.cpp, line 256]
Event: 20.375 Thread 0x000001dd6ecc0c60 Exception <a 'java/lang/ClassNotFoundException'{0x00000007056c0db0}: org/springframework/context/support/LiveBeansView> (0x00000007056c0db0) 
thrown [s\src\hotspot\share\classfile\systemDictionary.cpp, line 256]
Event: 20.376 Thread 0x000001dd6ecc0c60 Exception <a 'java/lang/ClassNotFoundException'{0x00000007056c1158}: org/springframework/context/support/LiveBeansView> (0x00000007056c1158) 
thrown [s\src\hotspot\share\classfile\systemDictionary.cpp, line 256]
Event: 20.380 Thread 0x000001dd6ecc0c60 Exception <a 'java/lang/ClassNotFoundException'{0x000000070570be80}: org/springframework/context/support/LiveBeansView> (0x000000070570be80) 
thrown [s\src\hotspot\share\classfile\systemDictionary.cpp, line 256]
Event: 20.380 Thread 0x000001dd6ecc0c60 Exception <a 'java/lang/ClassNotFoundException'{0x000000070570c248}: org/springframework/context/support/LiveBeansView> (0x000000070570c248) 
thrown [s\src\hotspot\share\classfile\systemDictionary.cpp, line 256]
Event: 20.381 Thread 0x000001dd6ecc0c60 Exception <a 'java/lang/ClassNotFoundException'{0x000000070570c5f8}: org/springframework/context/support/LiveBeansView> (0x000000070570c5f8) 
thrown [s\src\hotspot\share\classfile\systemDictionary.cpp, line 256]
Event: 20.381 Thread 0x000001dd6ecc0c60 Exception <a 'java/lang/ClassNotFoundException'{0x000000070570c9a8}: org/springframework/context/support/LiveBeansView> (0x000000070570c9a8) 
thrown [s\src\hotspot\share\classfile\systemDictionary.cpp, line 256]
Event: 20.383 Thread 0x000001dd6ecc0c60 Exception <a 'java/lang/reflect/InvocationTargetException'{0x0000000705710158}> (0x0000000705710158) 
thrown [s\src\hotspot\share\runtime\reflection.cpp, line 1121]
Event: 20.568 Thread 0x000001dd6ec48980 Exception <a 'sun/nio/fs/WindowsException'{0x00000007052b66e8}> (0x00000007052b66e8) 
thrown [s\src\hotspot\share\prims\jni.cpp, line 516]
Event: 20.806 Thread 0x000001dd6ec48980 Exception <a 'java/lang/IncompatibleClassChangeError'{0x00000007078f57c0}: Found class java.lang.Object, but interface was expected> (0x00000007078f57c0) 
thrown [s\src\hotspot\share\interpreter\linkResolver.cpp, line 826]
Event: 20.916 Thread 0x000001dd6ec48980 Exception <a 'java/lang/NoSuchMethodError'{0x00000007074c6ee8}: 'java.lang.Object java.lang.invoke.DirectMethodHandle$Holder.newInvokeSpecial(java.lang.Object, java.lang.Object, java.lang.Object, java.lang.Object, java.lang.Object, java.lang.Object, java.lang.Object, java.lang.Object, java.lang.Object)'> (0x00000007074c6ee8) 
thrown [s\src\hotspot\share\interpreter\linkResolver.cpp, line 759]
Event: 20.916 Thread 0x000001dd6ec48980 Exception <a 'java/lang/NoSuchMethodError'{0x00000007074cc130}: 'java.lang.Object java.lang.invoke.Invokers$Holder.linkToTargetMethod(java.lang.Object, java.lang.Object, java.lang.Object, java.lang.Object, java.lang.Object, java.lang.Object, java.lang.Object, java.lang.Object, java.lang.Object)'> (0x00000007074cc130) 
thrown [s\src\hotspot\share\interpreter\linkResolver.cpp, line 759]

VM Operations (20 events):
Event: 17.437 Executing VM operation: HandshakeAllThreads
Event: 17.437 Executing VM operation: HandshakeAllThreads done
Event: 17.437 Executing VM operation: HandshakeAllThreads
Event: 17.437 Executing VM operation: HandshakeAllThreads done
Event: 17.674 Executing VM operation: HandshakeAllThreads
Event: 17.674 Executing VM operation: HandshakeAllThreads done
Event: 18.045 Executing VM operation: HandshakeAllThreads
Event: 18.045 Executing VM operation: HandshakeAllThreads done
Event: 18.380 Executing VM operation: HandshakeAllThreads
Event: 18.380 Executing VM operation: HandshakeAllThreads done
Event: 18.433 Executing VM operation: ICBufferFull
Event: 18.433 Executing VM operation: ICBufferFull done
Event: 19.447 Executing VM operation: Cleanup
Event: 19.448 Executing VM operation: Cleanup done
Event: 20.019 Executing VM operation: HandshakeAllThreads
Event: 20.019 Executing VM operation: HandshakeAllThreads done
Event: 20.020 Executing VM operation: HandshakeAllThreads
Event: 20.020 Executing VM operation: HandshakeAllThreads done
Event: 20.683 Executing VM operation: G1CollectForAllocation
Event: 20.689 Executing VM operation: G1CollectForAllocation done

Events (20 events):
Event: 17.675 loading class com/sun/crypto/provider/PBKDF2Core$HmacSHA256 done
Event: 17.754 loading class java/time/DurationEditor
Event: 17.754 loading class java/time/DurationEditor done
Event: 18.377 loading class java/util/ArrayList$ListItr
Event: 18.378 loading class java/util/ArrayList$ListItr done
Event: 19.721 Thread 0x000001dd75079d60 Thread exited: 0x000001dd75079d60
Event: 19.989 loading class java/util/Comparators$NullComparator
Event: 19.989 loading class java/util/Comparators$NullComparator done
Event: 20.023 loading class sun/reflect/annotation/TypeAnnotation$TypeAnnotationTargetInfo
Event: 20.023 loading class sun/reflect/annotation/TypeAnnotation$TypeAnnotationTargetInfo done
Event: 20.644 loading class java/util/EnumMap$EntrySet
Event: 20.644 loading class java/util/EnumMap$EntrySet done
Event: 20.644 loading class java/util/EnumMap$EntryIterator
Event: 20.646 loading class java/util/EnumMap$EnumMapIterator
Event: 20.646 loading class java/util/EnumMap$EnumMapIterator done
Event: 20.646 loading class java/util/EnumMap$EntryIterator done
Event: 21.055 loading class java/util/EnumMap$EntryIterator$Entry
Event: 21.055 loading class java/util/EnumMap$EntryIterator$Entry done
Event: 21.064 loading class sun/reflect/annotation/AnnotationSupport
Event: 21.064 loading class sun/reflect/annotation/AnnotationSupport done


Dynamic libraries:
0x00007ff7adc40000 - 0x00007ff7adc4e000 	C:\Program Files\Microsoft\jdk-17.0.10.7-hotspot\bin\java.exe
0x00007ffb4cfd0000 - 0x00007ffb4d1c8000 	C:\WINDOWS\SYSTEM32\ntdll.dll
0x00007ffb4c460000 - 0x00007ffb4c51d000 	C:\WINDOWS\System32\KERNEL32.DLL
0x00007ffb4ab20000 - 0x00007ffb4ae16000 	C:\WINDOWS\System32\KERNELBASE.dll
0x00007ffb4a850000 - 0x00007ffb4a950000 	C:\WINDOWS\System32\ucrtbase.dll
0x00007ffb41bc0000 - 0x00007ffb41bdb000 	C:\Program Files\Microsoft\jdk-17.0.10.7-hotspot\bin\VCRUNTIME140.dll
0x00007ffb381c0000 - 0x00007ffb381d7000 	C:\Program Files\Microsoft\jdk-17.0.10.7-hotspot\bin\jli.dll
0x00007ffb4cbe0000 - 0x00007ffb4cd7f000 	C:\WINDOWS\System32\USER32.dll
0x00007ffb36a90000 - 0x00007ffb36d2a000 	C:\WINDOWS\WinSxS\amd64_microsoft.windows.common-controls_6595b64144ccf1df_6.0.19041.4355_none_60b8b9eb71f62e16\COMCTL32.dll
0x00007ffb4a680000 - 0x00007ffb4a6a2000 	C:\WINDOWS\System32\win32u.dll
0x00007ffb4b3b0000 - 0x00007ffb4b44e000 	C:\WINDOWS\System32\msvcrt.dll
0x00007ffb4b000000 - 0x00007ffb4b02b000 	C:\WINDOWS\System32\GDI32.dll
0x00007ffb4a730000 - 0x00007ffb4a847000 	C:\WINDOWS\System32\gdi32full.dll
0x00007ffb4aeb0000 - 0x00007ffb4af4d000 	C:\WINDOWS\System32\msvcp_win.dll
0x00007ffb4b450000 - 0x00007ffb4b482000 	C:\WINDOWS\System32\IMM32.DLL
0x00007ffb43220000 - 0x00007ffb4322c000 	C:\Program Files\Microsoft\jdk-17.0.10.7-hotspot\bin\vcruntime140_1.dll
0x00007ffb23230000 - 0x00007ffb232bd000 	C:\Program Files\Microsoft\jdk-17.0.10.7-hotspot\bin\msvcp140.dll
0x00007ffb0c6a0000 - 0x00007ffb0d305000 	C:\Program Files\Microsoft\jdk-17.0.10.7-hotspot\bin\server\jvm.dll
0x00007ffb4b490000 - 0x00007ffb4b540000 	C:\WINDOWS\System32\ADVAPI32.dll
0x00007ffb4b310000 - 0x00007ffb4b3b0000 	C:\WINDOWS\System32\sechost.dll
0x00007ffb4b030000 - 0x00007ffb4b153000 	C:\WINDOWS\System32\RPCRT4.dll
0x00007ffb4a700000 - 0x00007ffb4a727000 	C:\WINDOWS\System32\bcrypt.dll
0x00007ffb423b0000 - 0x00007ffb423ba000 	C:\WINDOWS\SYSTEM32\VERSION.dll
0x00007ffb37960000 - 0x00007ffb37987000 	C:\WINDOWS\SYSTEM32\WINMM.dll
0x00007ffb36750000 - 0x00007ffb36759000 	C:\WINDOWS\SYSTEM32\WSOCK32.dll
0x00007ffb49bd0000 - 0x00007ffb49c1b000 	C:\WINDOWS\SYSTEM32\POWRPROF.dll
0x00007ffb4c3f0000 - 0x00007ffb4c45b000 	C:\WINDOWS\System32\WS2_32.dll
0x00007ffb49a40000 - 0x00007ffb49a52000 	C:\WINDOWS\SYSTEM32\UMPDC.dll
0x00007ffb48e50000 - 0x00007ffb48e62000 	C:\WINDOWS\SYSTEM32\kernel.appcore.dll
0x00007ffb42450000 - 0x00007ffb4245a000 	C:\Program Files\Microsoft\jdk-17.0.10.7-hotspot\bin\jimage.dll
0x00007ffb48490000 - 0x00007ffb48674000 	C:\WINDOWS\SYSTEM32\DBGHELP.DLL
0x00007ffb33e60000 - 0x00007ffb33e94000 	C:\WINDOWS\SYSTEM32\dbgcore.DLL
0x00007ffb4ae20000 - 0x00007ffb4aea2000 	C:\WINDOWS\System32\bcryptPrimitives.dll
0x00007ffb29190000 - 0x00007ffb291cb000 	C:\Program Files\Microsoft\jdk-17.0.10.7-hotspot\bin\jdwp.dll
0x00007ffb28ff0000 - 0x00007ffb29015000 	C:\Program Files\Microsoft\jdk-17.0.10.7-hotspot\bin\java.dll
0x00007ffb22510000 - 0x00007ffb225e7000 	C:\Program Files\Microsoft\jdk-17.0.10.7-hotspot\bin\jsvml.dll
0x00007ffb4b540000 - 0x00007ffb4bcab000 	C:\WINDOWS\System32\SHELL32.dll
0x00007ffb486a0000 - 0x00007ffb48e3d000 	C:\WINDOWS\SYSTEM32\windows.storage.dll
0x00007ffb4c520000 - 0x00007ffb4c873000 	C:\WINDOWS\System32\combase.dll
0x00007ffb4a0a0000 - 0x00007ffb4a0ce000 	C:\WINDOWS\SYSTEM32\Wldp.dll
0x00007ffb4c130000 - 0x00007ffb4c1fd000 	C:\WINDOWS\System32\OLEAUT32.dll
0x00007ffb4c2c0000 - 0x00007ffb4c36d000 	C:\WINDOWS\System32\SHCORE.dll
0x00007ffb4c8e0000 - 0x00007ffb4c935000 	C:\WINDOWS\System32\shlwapi.dll
0x00007ffb4a5b0000 - 0x00007ffb4a5d4000 	C:\WINDOWS\SYSTEM32\profapi.dll
0x00007ffb402f0000 - 0x00007ffb402fc000 	C:\Program Files\Microsoft\jdk-17.0.10.7-hotspot\bin\dt_socket.dll
0x00007ffb49a60000 - 0x00007ffb49a9b000 	C:\WINDOWS\SYSTEM32\IPHLPAPI.DLL
0x00007ffb49dc0000 - 0x00007ffb49e2a000 	C:\WINDOWS\system32\mswsock.dll
0x00007ffb49ab0000 - 0x00007ffb49b7b000 	C:\WINDOWS\SYSTEM32\DNSAPI.dll
0x00007ffb4c200000 - 0x00007ffb4c208000 	C:\WINDOWS\System32\NSI.dll
0x00007ffb423a0000 - 0x00007ffb423aa000 	C:\Windows\System32\rasadhlp.dll
0x00007ffb39cb0000 - 0x00007ffb39d30000 	C:\WINDOWS\System32\fwpuclnt.dll
0x00007ffb36e10000 - 0x00007ffb36e29000 	C:\Program Files\Microsoft\jdk-17.0.10.7-hotspot\bin\net.dll
0x00007ffb41a70000 - 0x00007ffb41b7a000 	C:\WINDOWS\SYSTEM32\WINHTTP.dll
0x00007ffb36d50000 - 0x00007ffb36d66000 	C:\Program Files\Microsoft\jdk-17.0.10.7-hotspot\bin\nio.dll
0x00007ffb34400000 - 0x00007ffb34418000 	C:\Program Files\Microsoft\jdk-17.0.10.7-hotspot\bin\zip.dll
0x00007ffb399e0000 - 0x00007ffb399e9000 	C:\Program Files\Microsoft\jdk-17.0.10.7-hotspot\bin\management.dll
0x00007ffb38410000 - 0x00007ffb3841b000 	C:\Program Files\Microsoft\jdk-17.0.10.7-hotspot\bin\management_ext.dll
0x00007ffb4cbd0000 - 0x00007ffb4cbd8000 	C:\WINDOWS\System32\PSAPI.DLL
0x00007ffb31360000 - 0x00007ffb31377000 	C:\WINDOWS\system32\napinsp.dll
0x00007ffb31340000 - 0x00007ffb3135b000 	C:\WINDOWS\system32\pnrpnsp.dll
0x00007ffb44f70000 - 0x00007ffb44f85000 	C:\WINDOWS\system32\wshbth.dll
0x00007ffb45b00000 - 0x00007ffb45b1d000 	C:\WINDOWS\system32\NLAapi.dll
0x00007ffb2cbf0000 - 0x00007ffb2cc02000 	C:\WINDOWS\System32\winrnr.dll
0x00007ffb49fe0000 - 0x00007ffb49ff8000 	C:\WINDOWS\SYSTEM32\CRYPTSP.dll
0x00007ffb49600000 - 0x00007ffb49634000 	C:\WINDOWS\system32\rsaenh.dll
0x00007ffb4a520000 - 0x00007ffb4a54e000 	C:\WINDOWS\SYSTEM32\USERENV.dll
0x00007ffb49fd0000 - 0x00007ffb49fdc000 	C:\WINDOWS\SYSTEM32\CRYPTBASE.dll
0x00007ffb42570000 - 0x00007ffb42587000 	C:\WINDOWS\SYSTEM32\dhcpcsvc6.DLL
0x00007ffb42550000 - 0x00007ffb4256d000 	C:\WINDOWS\SYSTEM32\dhcpcsvc.DLL
0x00007ffb37490000 - 0x00007ffb37499000 	C:\Program Files\Microsoft\jdk-17.0.10.7-hotspot\bin\extnet.dll
0x00007ffb36de0000 - 0x00007ffb36dee000 	C:\Program Files\Microsoft\jdk-17.0.10.7-hotspot\bin\sunmscapi.dll
0x00007ffb4a9c0000 - 0x00007ffb4ab1e000 	C:\WINDOWS\System32\CRYPT32.dll
0x00007ffb4a110000 - 0x00007ffb4a139000 	C:\WINDOWS\SYSTEM32\ncrypt.dll
0x00007ffb4a0d0000 - 0x00007ffb4a10b000 	C:\WINDOWS\SYSTEM32\NTASN1.dll
0x00007ffb36550000 - 0x00007ffb36560000 	C:\Program Files\Microsoft\jdk-17.0.10.7-hotspot\bin\verify.dll

dbghelp: loaded successfully - version: 4.0.5 - missing functions: none
symbol engine: initialized successfully - sym options: 0x614 - pdb path: .;C:\Program Files\Microsoft\jdk-17.0.10.7-hotspot\bin;C:\WINDOWS\SYSTEM32;C:\WINDOWS\WinSxS\amd64_microsoft.windows.common-controls_6595b64144ccf1df_6.0.19041.4355_none_60b8b9eb71f62e16;C:\Program Files\Microsoft\jdk-17.0.10.7-hotspot\bin\server

VM Arguments:
jvm_args: -agentlib:jdwp=transport=dt_socket,server=n,suspend=y,address=localhost:52131 -XX:+ShowCodeDetailsInExceptionMessages -Dspring.jmx.enabled=true -Dmanagement.endpoints.jmx.exposure.include=* -Dspring.application.admin.enabled=true -Dspring.boot.project.name=org.paritosh.scm -Djava.rmi.server.hostname=localhost -Dcom.sun.management.jmxremote.port=45556 -Dcom.sun.management.jmxremote.authenticate=false -Dcom.sun.management.jmxremote.ssl=false 
java_command: com.scm.org.paritosh.scm.Application
java_class_path (initial): D:\AllContent\Spring\Smart_Conatact_Manager\org.paritosh.scm\target\classes;C:\Users\Lenovo\.m2\repository\org\springframework\boot\spring-boot-starter-actuator\3.2.5\spring-boot-starter-actuator-3.2.5.jar;C:\Users\Lenovo\.m2\repository\org\springframework\boot\spring-boot-starter\3.2.5\spring-boot-starter-3.2.5.jar;C:\Users\Lenovo\.m2\repository\org\springframework\boot\spring-boot-starter-logging\3.2.5\spring-boot-starter-logging-3.2.5.jar;C:\Users\Lenovo\.m2\repository\ch\qos\logback\logback-classic\1.4.14\logback-classic-1.4.14.jar;C:\Users\Lenovo\.m2\repository\ch\qos\logback\logback-core\1.4.14\logback-core-1.4.14.jar;C:\Users\Lenovo\.m2\repository\org\apache\logging\log4j\log4j-to-slf4j\2.21.1\log4j-to-slf4j-2.21.1.jar;C:\Users\Lenovo\.m2\repository\org\apache\logging\log4j\log4j-api\2.21.1\log4j-api-2.21.1.jar;C:\Users\Lenovo\.m2\repository\org\slf4j\jul-to-slf4j\2.0.13\jul-to-slf4j-2.0.13.jar;C:\Users\Lenovo\.m2\repository\jakarta\annotation\jakarta.annotation-api\2.1.1\jakarta.annotation-api-2.1.1.jar;C:\Users\Lenovo\.m2\repository\org\yaml\snakeyaml\2.2\snakeyaml-2.2.jar;C:\Users\Lenovo\.m2\repository\org\springframework\boot\spring-boot-actuator-autoconfigure\3.2.5\spring-boot-actuator-autoconfigure-3.2.5.jar;C:\Users\Lenovo\.m2\repository\org\springframework\boot\spring-boot-actuator\3.2.5\spring-boot-actuator-3.2.5.jar;C:\Users\Lenovo\.m2\repository\com\fasterxml\jackson\core\jackson-databind\2.15.4\jackson-databind-2.15.4.jar;C:\Users\Lenovo\.m2\repository\com\fasterxml\jackson\core\jackson-annotations\2.15.4\jackson-annotations-2.15.4.jar;C:\Users\Lenovo\.m2\repository\com\fasterxml\jackson\core\jackson-core\2.15.4\jackson-core-2.15.4.jar;C:\Users\Lenovo\.m2\repository\com\fasterxml\jackson\datatype\jackson-datatype-jsr310\2.15.4\jackson-datatype-jsr310-2.15.4.jar;C:\Users\Lenovo\.m2\repository\io\micrometer\micrometer-observation\1.12.5\micrometer-observation-1.12.5.jar;C:\Users\Lenovo\.m2\repository\io\micrometer\microm
Launcher Type: SUN_STANDARD

[Global flags]
     intx CICompilerCount                          = 4                                         {product} {ergonomic}
     uint ConcGCThreads                            = 2                                         {product} {ergonomic}
     uint G1ConcRefinementThreads                  = 8                                         {product} {ergonomic}
   size_t G1HeapRegionSize                         = 2097152                                   {product} {ergonomic}
    uintx GCDrainStackTargetSize                   = 64                                        {product} {ergonomic}
   size_t InitialHeapSize                          = 268435456                                 {product} {ergonomic}
     bool ManagementServer                         = true                                      {product} {command line}
   size_t MarkStackSize                            = 4194304                                   {product} {ergonomic}
   size_t MaxHeapSize                              = 4267704320                                {product} {ergonomic}
   size_t MaxNewSize                               = 2560622592                                {product} {ergonomic}
   size_t MinHeapDeltaBytes                        = 2097152                                   {product} {ergonomic}
   size_t MinHeapSize                              = 8388608                                   {product} {ergonomic}
    uintx NonNMethodCodeHeapSize                   = 5839372                                {pd product} {ergonomic}
    uintx NonProfiledCodeHeapSize                  = 122909434                              {pd product} {ergonomic}
    uintx ProfiledCodeHeapSize                     = 122909434                              {pd product} {ergonomic}
    uintx ReservedCodeCacheSize                    = 251658240                              {pd product} {ergonomic}
     bool SegmentedCodeCache                       = true                                      {product} {ergonomic}
     bool ShowCodeDetailsInExceptionMessages       = true                                   {manageable} {command line}
   size_t SoftMaxHeapSize                          = 4267704320                             {manageable} {ergonomic}
     bool UseCompressedClassPointers               = true                           {product lp64_product} {ergonomic}
     bool UseCompressedOops                        = true                           {product lp64_product} {ergonomic}
     bool UseG1GC                                  = true                                      {product} {ergonomic}
     bool UseLargePagesIndividualAllocation        = false                                  {pd product} {ergonomic}

Logging:
Log output configuration:
 #0: stdout all=warning uptime,level,tags
 #1: stderr all=off uptime,level,tags

Environment Variables:
JAVA_HOME=C:\Program Files\Microsoft\jdk-17.0.10.7-hotspot\
CLASSPATH="C:\Users\Lenovo\Downloads\snowflake-jdbc-3.12.0-javadoc.jar"
PATH=D:\Anaconda\Scripts;C:\Program Files (x86)\Common Files\Oracle\Java\java8path;C:\Program Files (x86)\Common Files\Oracle\Java\javapath;D:\SoftwaresInstalled\Vmware\bin\;C:\Program Files\Microsoft\jdk-17.0.10.7-hotspot\bin;C:\Program Files\Java\jdk-20\bin;C:\Python311\Scripts\;C:\Python311\;C:\Program Files\NVIDIA GPU Computing Toolkit\CUDA\v9.0\bin;C:\Program Files\NVIDIA GPU Computing Toolkit\CUDA\v9.0\libnvvp;C:\Program Files (x86)\Intel\iCLS Client\;C:\Program Files\Intel\iCLS Client\;C:\Windows\system32;C:\Windows;C:\Windows\System32\Wbem;C:\Windows\System32\WindowsPowerShell\v1.0\;C:\Program Files (x86)\NVIDIA Corporation\PhysX\Common;C:\WINDOWS\system32;C:\WINDOWS;C:\WINDOWS\System32\Wbem;C:\WINDOWS\System32\WindowsPowerShell\v1.0\;C:\WINDOWS\System32\OpenSSH\;C:\Program Files (x86)\Intel\Intel(R) Management Engine Components\DAL;C:\Program Files\Intel\Intel(R) Management Engine Components\DAL;C:\Program Files (x86)\Intel\Intel(R) Management Engine Components\IPT;C:\Program Files\Intel\Intel(R) Management Engine Components\IPT;C:\WINDOWS\system32;C:\WINDOWS;C:\WINDOWS\System32\Wbem;C:\WINDOWS\System32\WindowsPowerShell\v1.0\;C:\WINDOWS\System32\OpenSSH\;C:\Program Files\Git\cmd;C:\Program Files (x86)\Google\Chrome\Application;%SPARK_HOME%\bin;%HADOOP_HOME%\bin;C:\Program Files\Snowflake SnowSQL\;%MAVEN_HOME%\bin;C:\Users\Lenovo\AppData\Local\Android\Sdk\platform-tools;C:\Users\Lenovo\AppData\Local\Android\Sdk;C:\Users\Lenovo\AppData\Local\Android\Sdk\tools;C:\Users\Lenovo\AppData\Local\Android\Sdk\tools\bin;C:\Users\Lenovo\AppData\Local\Programs\MiKTeX\miktex\bin\x64;C:\ProgramData\chocolatey\bin;C:\Program Files (x86)\dotnet\;C:\Program Files\MongoDB\Server\6.0\bin;C:\Program Files\MongoDB\Server\6.0\bin;C:\Users\Lenovo\Downloads\apache-maven-3.9.0-bin\apache-maven-3.9.0\bin;C:\Program Files\NVIDIA Corporation\NVSMI;C:\Program Files\dotnet\;C:\Program Files\nodejs\;D:\AndroidSDK\platform-tools;D:\AndroidSDK;D:\SoftwaresInstalled\Go\bin;D:\SoftwaresInstalled
USERNAME=Lenovo
LANG=en_US.UTF-8
OS=Windows_NT
PROCESSOR_IDENTIFIER=Intel64 Family 6 Model 158 Stepping 9, GenuineIntel
TMP=C:\Users\Lenovo\AppData\Local\Temp
TEMP=C:\Users\Lenovo\AppData\Local\Temp



Periodic native trim disabled


---------------  S Y S T E M  ---------------

OS:
 Windows 10 , 64 bit Build 19041 (10.0.19041.3636)
OS uptime: 0 days 4:32 hours
Hyper-V role detected

CPU: total 8 (initial active 8) (4 cores per cpu, 2 threads per core) family 6 model 158 stepping 9 microcode 0xb4, cx8, cmov, fxsr, ht, mmx, 3dnowpref, sse, sse2, sse3, ssse3, sse4.1, sse4.2, popcnt, lzcnt, tsc, tscinvbit, avx, avx2, aes, erms, clmul, bmi1, bmi2, adx, fma, vzeroupper, clflush, clflushopt, hv
Processor Information for all 8 processors :
  Max Mhz: 2801, Current Mhz: 2800, Mhz Limit: 2772

Memory: 4k page, system-wide physical 16276M (1314M free)
TotalPageFile size 31379M (AvailPageFile size 5M)
current process WorkingSet (physical memory assigned to process): 400M, peak: 417M
current process commit charge ("private bytes"): 438M, peak: 456M

vm_info: OpenJDK 64-Bit Server VM (17.0.10+7-LTS) for windows-amd64 JRE (17.0.10+7-LTS), built on Jan 10 2024 19:47:12 by "MicrosoftCorporation" with MS VC++ 16.10 / 16.11 (VS2019)

END.
